<?xml version="1.0" encoding="UTF-8"?>
<testsuite xmlns:xsi="http://www.w3.org/2001/XMLSchema-instance" xsi:noNamespaceSchemaLocation="https://maven.apache.org/surefire/maven-surefire-plugin/xsd/surefire-test-report.xsd" name="by.apexintegration.DerivativeServiceTest" time="2.41" tests="2" errors="0" skipped="0" failures="0">
  <properties>
[...]
</properties>
  <testcase name="secondDerivativeTest" classname="by.apexintegration.DerivativeServiceTest" time="0.198"/>
  <testcase name="firstDerivativeTest" classname="by.apexintegration.DerivativeServiceTest" time="0.002"/>
</testsuite>